cl : command line  warning D9035: option 'Gm' has been deprecated and will be removed in a future release
  Spaceship.cpp
  main.cpp
  ExtraLives.cpp
  Explosion.cpp
  Bullet.cpp
  BlackHole.cpp
  Asteroids.cpp
  Asteroid.cpp
  Generating Code...
  Asteroids.vcxproj -> C:\Users\smbaq\Documents\GitHub\Asteroid-Game\bin\Asteroids.exe
  ..\..\assets\asteroid.shape
  ..\..\assets\asteroid1_fs.png
  ..\..\assets\bullet.shape
  ..\..\assets\explosion_fs.png
  ..\..\assets\hearts.png
  ..\..\assets\highscores.txt
  ..\..\assets\spaceship.shape
  ..\..\assets\spaceship_fs.png
  ..\..\assets\Wormhole.png
          9 file(s) copied.
