c:\users\smbaq\documents\github\asteroid-game\vc\asteroids\debug\vc143.pdb
c:\users\smbaq\documents\github\asteroid-game\vc\asteroids\debug\vc143.idb
c:\users\smbaq\documents\github\asteroid-game\vc\asteroids\debug\weaponpowerup.nativecodeanalysis.sarif
c:\users\smbaq\documents\github\asteroid-game\vc\asteroids\debug\weaponpowerup.nativecodeanalysis.xml
c:\users\smbaq\documents\github\asteroid-game\vc\asteroids\debug\spaceship.nativecodeanalysis.sarif
c:\users\smbaq\documents\github\asteroid-game\vc\asteroids\debug\spaceship.nativecodeanalysis.xml
c:\users\smbaq\documents\github\asteroid-game\vc\asteroids\debug\main.nativecodeanalysis.sarif
c:\users\smbaq\documents\github\asteroid-game\vc\asteroids\debug\main.nativecodeanalysis.xml
c:\users\smbaq\documents\github\asteroid-game\vc\asteroids\debug\highscore.nativecodeanalysis.sarif
c:\users\smbaq\documents\github\asteroid-game\vc\asteroids\debug\highscore.nativecodeanalysis.xml
c:\users\smbaq\documents\github\asteroid-game\vc\asteroids\debug\extralives.nativecodeanalysis.sarif
c:\users\smbaq\documents\github\asteroid-game\vc\asteroids\debug\extralives.nativecodeanalysis.xml
c:\users\smbaq\documents\github\asteroid-game\vc\asteroids\debug\explosion.nativecodeanalysis.sarif
c:\users\smbaq\documents\github\asteroid-game\vc\asteroids\debug\explosion.nativecodeanalysis.xml
c:\users\smbaq\documents\github\asteroid-game\vc\asteroids\debug\bullet.nativecodeanalysis.sarif
c:\users\smbaq\documents\github\asteroid-game\vc\asteroids\debug\bullet.nativecodeanalysis.xml
c:\users\smbaq\documents\github\asteroid-game\vc\asteroids\debug\blackholecoin.nativecodeanalysis.sarif
c:\users\smbaq\documents\github\asteroid-game\vc\asteroids\debug\blackholecoin.nativecodeanalysis.xml
c:\users\smbaq\documents\github\asteroid-game\vc\asteroids\debug\blackhole.nativecodeanalysis.sarif
c:\users\smbaq\documents\github\asteroid-game\vc\asteroids\debug\blackhole.nativecodeanalysis.xml
c:\users\smbaq\documents\github\asteroid-game\vc\asteroids\debug\asteroids.nativecodeanalysis.sarif
c:\users\smbaq\documents\github\asteroid-game\vc\asteroids\debug\asteroids.nativecodeanalysis.xml
c:\users\smbaq\documents\github\asteroid-game\vc\asteroids\debug\asteroid.nativecodeanalysis.sarif
c:\users\smbaq\documents\github\asteroid-game\vc\asteroids\debug\asteroid.nativecodeanalysis.xml
c:\users\smbaq\documents\github\asteroid-game\vc\asteroids\debug\asteroid.obj
c:\users\smbaq\documents\github\asteroid-game\vc\asteroids\debug\asteroids.obj
c:\users\smbaq\documents\github\asteroid-game\vc\asteroids\debug\blackhole.obj
c:\users\smbaq\documents\github\asteroid-game\vc\asteroids\debug\bullet.obj
c:\users\smbaq\documents\github\asteroid-game\vc\asteroids\debug\explosion.obj
c:\users\smbaq\documents\github\asteroid-game\vc\asteroids\debug\highscore.obj
c:\users\smbaq\documents\github\asteroid-game\vc\asteroids\debug\main.obj
c:\users\smbaq\documents\github\asteroid-game\vc\asteroids\debug\spaceship.obj
c:\users\smbaq\documents\github\asteroid-game\vc\asteroids\debug\weaponpowerup.obj
c:\users\smbaq\documents\github\asteroid-game\vc\asteroids\debug\extralives.obj
c:\users\smbaq\documents\github\asteroid-game\bin\asteroids.exe
c:\users\smbaq\documents\github\asteroid-game\vc\asteroids\debug\asteroids.pdb
c:\users\smbaq\documents\github\asteroid-game\vc\asteroids\debug\asteroids.ilk
c:\users\smbaq\documents\github\asteroid-game\vc\asteroids\debug\blackholecoin.obj
c:\users\smbaq\documents\github\asteroid-game\vc\asteroids\debug\vc.nativecodeanalysis.all.xml
c:\users\smbaq\documents\github\asteroid-game\vc\asteroids\debug\asteroids.tlog\cl.command.1.tlog
c:\users\smbaq\documents\github\asteroid-game\vc\asteroids\debug\asteroids.tlog\cl.items.tlog
c:\users\smbaq\documents\github\asteroid-game\vc\asteroids\debug\asteroids.tlog\cl.read.1.tlog
c:\users\smbaq\documents\github\asteroid-game\vc\asteroids\debug\asteroids.tlog\cl.write.1.tlog
c:\users\smbaq\documents\github\asteroid-game\vc\asteroids\debug\asteroids.tlog\link.command.1.tlog
c:\users\smbaq\documents\github\asteroid-game\vc\asteroids\debug\asteroids.tlog\link.read.1.tlog
c:\users\smbaq\documents\github\asteroid-game\vc\asteroids\debug\asteroids.tlog\link.secondary.1.tlog
c:\users\smbaq\documents\github\asteroid-game\vc\asteroids\debug\asteroids.tlog\link.write.1.tlog
