c:\users\smbaq\documents\github\asteroid-game\lib\engine.pdb
c:\users\smbaq\documents\github\asteroid-game\lib\engine.idb
c:\users\smbaq\documents\github\asteroid-game\vc\engine\debug\texturemanager.nativecodeanalysis.sarif
c:\users\smbaq\documents\github\asteroid-game\vc\engine\debug\texturemanager.nativecodeanalysis.xml
c:\users\smbaq\documents\github\asteroid-game\vc\engine\debug\texture.nativecodeanalysis.sarif
c:\users\smbaq\documents\github\asteroid-game\vc\engine\debug\texture.nativecodeanalysis.xml
c:\users\smbaq\documents\github\asteroid-game\vc\engine\debug\sprite.nativecodeanalysis.sarif
c:\users\smbaq\documents\github\asteroid-game\vc\engine\debug\sprite.nativecodeanalysis.xml
c:\users\smbaq\documents\github\asteroid-game\vc\engine\debug\shape.nativecodeanalysis.sarif
c:\users\smbaq\documents\github\asteroid-game\vc\engine\debug\shape.nativecodeanalysis.xml
c:\users\smbaq\documents\github\asteroid-game\vc\engine\debug\movementcontroller.nativecodeanalysis.sarif
c:\users\smbaq\documents\github\asteroid-game\vc\engine\debug\movementcontroller.nativecodeanalysis.xml
c:\users\smbaq\documents\github\asteroid-game\vc\engine\debug\imagemanager.nativecodeanalysis.sarif
c:\users\smbaq\documents\github\asteroid-game\vc\engine\debug\imagemanager.nativecodeanalysis.xml
c:\users\smbaq\documents\github\asteroid-game\vc\engine\debug\image.nativecodeanalysis.sarif
c:\users\smbaq\documents\github\asteroid-game\vc\engine\debug\image.nativecodeanalysis.xml
c:\users\smbaq\documents\github\asteroid-game\vc\engine\debug\guilabel.nativecodeanalysis.sarif
c:\users\smbaq\documents\github\asteroid-game\vc\engine\debug\guilabel.nativecodeanalysis.xml
c:\users\smbaq\documents\github\asteroid-game\vc\engine\debug\guiicon.nativecodeanalysis.sarif
c:\users\smbaq\documents\github\asteroid-game\vc\engine\debug\guiicon.nativecodeanalysis.xml
c:\users\smbaq\documents\github\asteroid-game\vc\engine\debug\guicontainer.nativecodeanalysis.sarif
c:\users\smbaq\documents\github\asteroid-game\vc\engine\debug\guicontainer.nativecodeanalysis.xml
c:\users\smbaq\documents\github\asteroid-game\vc\engine\debug\guicomponent.nativecodeanalysis.sarif
c:\users\smbaq\documents\github\asteroid-game\vc\engine\debug\guicomponent.nativecodeanalysis.xml
c:\users\smbaq\documents\github\asteroid-game\vc\engine\debug\glvector.nativecodeanalysis.sarif
c:\users\smbaq\documents\github\asteroid-game\vc\engine\debug\glvector.nativecodeanalysis.xml
c:\users\smbaq\documents\github\asteroid-game\vc\engine\debug\glutwindow.nativecodeanalysis.sarif
c:\users\smbaq\documents\github\asteroid-game\vc\engine\debug\glutwindow.nativecodeanalysis.xml
c:\users\smbaq\documents\github\asteroid-game\vc\engine\debug\glutsession.nativecodeanalysis.sarif
c:\users\smbaq\documents\github\asteroid-game\vc\engine\debug\glutsession.nativecodeanalysis.xml
c:\users\smbaq\documents\github\asteroid-game\vc\engine\debug\gameworld.nativecodeanalysis.sarif
c:\users\smbaq\documents\github\asteroid-game\vc\engine\debug\gameworld.nativecodeanalysis.xml
c:\users\smbaq\documents\github\asteroid-game\vc\engine\debug\gamewindow.nativecodeanalysis.sarif
c:\users\smbaq\documents\github\asteroid-game\vc\engine\debug\gamewindow.nativecodeanalysis.xml
c:\users\smbaq\documents\github\asteroid-game\vc\engine\debug\gamesession.nativecodeanalysis.sarif
c:\users\smbaq\documents\github\asteroid-game\vc\engine\debug\gamesession.nativecodeanalysis.xml
c:\users\smbaq\documents\github\asteroid-game\vc\engine\debug\gameobjecttype.nativecodeanalysis.sarif
c:\users\smbaq\documents\github\asteroid-game\vc\engine\debug\gameobjecttype.nativecodeanalysis.xml
c:\users\smbaq\documents\github\asteroid-game\vc\engine\debug\gameobject.nativecodeanalysis.sarif
c:\users\smbaq\documents\github\asteroid-game\vc\engine\debug\gameobject.nativecodeanalysis.xml
c:\users\smbaq\documents\github\asteroid-game\vc\engine\debug\gamedisplay.nativecodeanalysis.sarif
c:\users\smbaq\documents\github\asteroid-game\vc\engine\debug\gamedisplay.nativecodeanalysis.xml
c:\users\smbaq\documents\github\asteroid-game\vc\engine\debug\gamedisplay.obj
c:\users\smbaq\documents\github\asteroid-game\vc\engine\debug\gameobject.obj
c:\users\smbaq\documents\github\asteroid-game\vc\engine\debug\gameobjecttype.obj
c:\users\smbaq\documents\github\asteroid-game\vc\engine\debug\gamesession.obj
c:\users\smbaq\documents\github\asteroid-game\vc\engine\debug\gamewindow.obj
c:\users\smbaq\documents\github\asteroid-game\vc\engine\debug\gameworld.obj
c:\users\smbaq\documents\github\asteroid-game\vc\engine\debug\glutsession.obj
c:\users\smbaq\documents\github\asteroid-game\vc\engine\debug\glutwindow.obj
c:\users\smbaq\documents\github\asteroid-game\vc\engine\debug\glvector.obj
c:\users\smbaq\documents\github\asteroid-game\vc\engine\debug\guicomponent.obj
c:\users\smbaq\documents\github\asteroid-game\vc\engine\debug\guicontainer.obj
c:\users\smbaq\documents\github\asteroid-game\vc\engine\debug\guiicon.obj
c:\users\smbaq\documents\github\asteroid-game\vc\engine\debug\guilabel.obj
c:\users\smbaq\documents\github\asteroid-game\vc\engine\debug\image.obj
c:\users\smbaq\documents\github\asteroid-game\vc\engine\debug\imagemanager.obj
c:\users\smbaq\documents\github\asteroid-game\vc\engine\debug\movementcontroller.obj
c:\users\smbaq\documents\github\asteroid-game\vc\engine\debug\shape.obj
c:\users\smbaq\documents\github\asteroid-game\vc\engine\debug\sprite.obj
c:\users\smbaq\documents\github\asteroid-game\vc\engine\debug\texture.obj
c:\users\smbaq\documents\github\asteroid-game\vc\engine\debug\texturemanager.obj
c:\users\smbaq\documents\github\asteroid-game\vc\engine\debug\animationmanager.nativecodeanalysis.sarif
c:\users\smbaq\documents\github\asteroid-game\vc\engine\debug\animationmanager.nativecodeanalysis.xml
c:\users\smbaq\documents\github\asteroid-game\vc\engine\debug\animation.nativecodeanalysis.sarif
c:\users\smbaq\documents\github\asteroid-game\vc\engine\debug\animation.nativecodeanalysis.xml
c:\users\smbaq\documents\github\asteroid-game\vc\engine\debug\animation.obj
c:\users\smbaq\documents\github\asteroid-game\vc\engine\debug\animationmanager.obj
c:\users\smbaq\documents\github\asteroid-game\vc\engine\debug\blackholecoin.obj
c:\users\smbaq\documents\github\asteroid-game\lib\engine.lib
c:\users\smbaq\documents\github\asteroid-game\vc\engine\debug\nativecodeanalysis.read.1.tlog
c:\users\smbaq\documents\github\asteroid-game\vc\engine\debug\vc.nativecodeanalysis.all.xml
c:\users\smbaq\documents\github\asteroid-game\vc\asteroids\debug\..\..\..\lib\engine.pdb
c:\users\smbaq\documents\github\asteroid-game\vc\engine\debug\engine.tlog\cl.command.1.tlog
c:\users\smbaq\documents\github\asteroid-game\vc\engine\debug\engine.tlog\cl.items.tlog
c:\users\smbaq\documents\github\asteroid-game\vc\engine\debug\engine.tlog\cl.read.1.tlog
c:\users\smbaq\documents\github\asteroid-game\vc\engine\debug\engine.tlog\cl.write.1.tlog
c:\users\smbaq\documents\github\asteroid-game\vc\engine\debug\engine.tlog\lib-link.write.1.tlog
c:\users\smbaq\documents\github\asteroid-game\vc\engine\debug\engine.tlog\lib.command.1.tlog
c:\users\smbaq\documents\github\asteroid-game\vc\engine\debug\engine.tlog\lib.read.1.tlog
